\BOOKMARK [0][-]{chapter.1}{Introduction}{}% 1
\BOOKMARK [1][-]{section.1.1}{Remerciements}{chapter.1}% 2
\BOOKMARK [1][-]{section.1.2}{Introduction}{chapter.1}% 3
\BOOKMARK [0][-]{chapter.2}{Pr\351sentation}{}% 4
\BOOKMARK [1][-]{section.2.1}{Entreprise}{chapter.2}% 5
\BOOKMARK [2][-]{subsection.2.1.1}{Unit\351 : UI IDF Centre}{section.2.1}% 6
\BOOKMARK [2][-]{subsection.2.1.2}{D\351partement : DEVRAP}{section.2.1}% 7
\BOOKMARK [2][-]{subsection.2.1.3}{Equipe d'accueil : 3MU}{section.2.1}% 8
\BOOKMARK [0][-]{chapter.3}{Comp\351tences techniques acquises}{}% 9
\BOOKMARK [1][-]{section.3.1}{Logiciel Contextor}{chapter.3}% 10
\BOOKMARK [2][-]{subsection.3.1.1}{Les avantages}{section.3.1}% 11
\BOOKMARK [2][-]{subsection.3.1.2}{Les inconv\351nients}{section.3.1}% 12
\BOOKMARK [2][-]{subsection.3.1.3}{Workflow}{section.3.1}% 13
\BOOKMARK [0][-]{chapter.4}{Missions effectu\351es}{}% 14
\BOOKMARK [1][-]{section.4.1}{AutoRio}{chapter.4}% 15
\BOOKMARK [1][-]{section.4.2}{RMM}{chapter.4}% 16
\BOOKMARK [1][-]{section.4.3}{Aigue Marine}{chapter.4}% 17
\BOOKMARK [1][-]{section.4.4}{Autre}{chapter.4}% 18
\BOOKMARK [2][-]{subsection.4.4.1}{Lecture d'un RIB}{section.4.4}% 19
\BOOKMARK [2][-]{subsection.4.4.2}{D\351tection d'arriv\351e de mails}{section.4.4}% 20
\BOOKMARK [0][-]{chapter.5}{Bilan du stage}{}% 21
\BOOKMARK [0][-]{chapter.6}{Conclusion}{}% 22
\BOOKMARK [0][-]{appendix.A}{Direction Orange \316le-de-France}{}% 23
\BOOKMARK [0][-]{appendix.B}{Outil de capture de page de Contextor}{}% 24
\BOOKMARK [0][-]{appendix.C}{Impact Mapping}{}% 25
\BOOKMARK [0][-]{appendix.D}{Workflow de l'application SuiviCommande}{}% 26
\BOOKMARK [0][-]{appendix.E}{Workflow de l'application Parsifal}{}% 27
\BOOKMARK [0][-]{appendix.F}{Workflow de l'application Etask}{}% 28
\BOOKMARK [0][-]{appendix.G}{Base de donn\351es RMM}{}% 29
